SF:lib/services/data_service.dart
DA:11,2
DA:13,1
DA:23,2
DA:24,2
DA:25,2
DA:26,2
DA:27,2
DA:28,2
DA:30,1
DA:32,1
DA:35,1
DA:37,2
DA:38,1
DA:39,5
DA:40,4
DA:41,1
DA:44,1
DA:47,1
DA:50,1
DA:51,1
DA:52,1
DA:54,4
DA:55,6
DA:57,3
DA:59,1
DA:60,1
DA:64,1
DA:65,2
DA:67,5
DA:68,1
DA:71,3
DA:72,1
DA:76,1
DA:77,1
DA:80,1
DA:81,1
DA:86,4
DA:87,6
DA:89,3
DA:92,1
DA:95,3
DA:96,1
DA:100,1
DA:101,1
DA:102,1
DA:104,5
DA:106,2
DA:107,4
DA:109,2
DA:110,1
DA:111,1
DA:112,1
DA:113,4
DA:115,2
DA:116,2
DA:117,1
DA:119,1
DA:120,5
DA:121,6
DA:122,4
DA:125,3
DA:126,1
DA:129,3
DA:130,4
DA:132,1
DA:133,1
DA:137,1
DA:138,4
DA:139,2
DA:140,1
DA:144,1
DA:145,1
DA:148,5
DA:149,1
DA:150,1
DA:151,1
DA:152,1
DA:154,6
DA:155,10
DA:158,3
DA:159,2
DA:161,1
DA:162,1
DA:166,1
DA:167,4
DA:169,3
DA:170,1
DA:171,1
DA:173,2
DA:174,1
DA:175,1
DA:176,1
DA:178,1
DA:179,1
DA:180,1
DA:182,1
DA:184,3
DA:186,1
DA:187,1
DA:188,1
DA:189,1
DA:192,1
DA:193,1
DA:195,1
DA:197,2
DA:200,1
DA:201,1
DA:203,1
DA:206,1
DA:209,1
DA:210,1
DA:212,1
DA:215,3
DA:216,1
DA:217,1
DA:218,1
DA:219,1
DA:220,1
DA:221,1
DA:223,2
DA:225,3
DA:226,3
DA:227,0
DA:233,1
DA:234,3
DA:235,7
DA:238,4
DA:244,1
DA:248,1
DA:252,3
DA:253,1
LF:131
LH:130
end_of_record
SF:lib/models/player.dart
DA:7,5
DA:9,1
DA:10,1
DA:11,1
DA:12,1
DA:13,1
DA:17,2
DA:18,2
DA:19,2
DA:20,2
DA:24,2
DA:25,2
DA:26,2
DA:27,2
LF:14
LH:14
end_of_record
SF:lib/models/weekly_roster.dart
DA:8,4
LF:1
LH:1
end_of_record
SF:lib/models/suggested_team.dart
DA:14,3
DA:24,2
DA:25,2
DA:26,4
DA:27,2
DA:29,6
DA:31,4
DA:32,2
DA:33,4
DA:34,10
DA:38,2
DA:39,2
DA:41,2
DA:42,2
DA:43,2
DA:44,5
DA:45,2
DA:49,1
DA:50,1
DA:51,4
DA:52,8
DA:54,1
DA:56,1
DA:57,1
DA:58,1
DA:59,1
DA:60,1
LF:27
LH:27
end_of_record
SF:lib/services/email_password_auth_service.dart
DA:6,3
DA:8,3
DA:10,1
DA:13,6
DA:17,3
DA:23,3
DA:25,1
DA:28,6
DA:32,3
DA:38,2
DA:39,4
DA:42,2
DA:43,4
LF:13
LH:13
end_of_record
SF:lib/providers/login_provider.dart
DA:10,2
DA:11,4
DA:12,6
DA:13,4
DA:14,7
DA:16,1
DA:20,2
DA:22,6
DA:23,1
DA:24,3
DA:26,1
DA:27,1
DA:28,2
DA:30,3
DA:34,2
DA:37,4
DA:39,1
DA:40,4
DA:43,2
DA:44,4
DA:46,4
DA:47,2
DA:49,6
DA:54,2
DA:56,4
DA:58,4
DA:59,2
DA:61,6
DA:66,1
DA:68,2
DA:69,2
DA:72,1
DA:74,2
DA:75,2
DA:76,1
DA:77,1
DA:80,2
DA:81,4
DA:82,6
DA:85,2
DA:86,2
LF:41
LH:41
end_of_record
SF:lib/views/team_formation_view.dart
DA:9,3
DA:11,2
DA:12,2
DA:20,2
DA:22,2
DA:23,6
DA:24,2
DA:28,2
DA:29,4
DA:30,4
DA:31,2
DA:34,6
DA:35,6
DA:36,2
DA:37,2
DA:38,4
DA:39,1
DA:40,4
DA:41,1
DA:45,1
DA:46,3
DA:47,2
DA:48,1
DA:49,1
DA:51,2
DA:52,2
DA:53,5
DA:54,1
DA:57,4
DA:58,4
DA:59,4
DA:61,4
DA:63,2
DA:71,1
DA:72,2
DA:73,2
DA:74,2
DA:75,2
DA:76,2
DA:78,1
DA:79,3
DA:88,3
DA:96,2
DA:97,3
DA:107,5
DA:108,1
DA:109,3
DA:110,3
DA:111,2
DA:112,3
DA:123,1
DA:124,1
DA:126,2
DA:131,1
DA:132,1
DA:133,3
DA:136,1
DA:137,3
DA:144,1
DA:146,1
DA:147,1
DA:153,1
DA:155,3
DA:162,1
DA:163,3
DA:164,1
DA:165,1
DA:166,1
DA:167,1
DA:168,1
DA:173,1
DA:174,1
DA:176,1
DA:177,2
DA:184,1
DA:185,3
DA:188,3
DA:189,3
DA:194,1
DA:195,3
DA:206,2
DA:208,2
DA:212,2
DA:213,1
DA:214,1
DA:216,2
DA:217,2
DA:218,4
DA:220,2
DA:221,4
DA:222,2
DA:223,4
DA:225,2
DA:226,2
DA:228,2
DA:229,2
DA:230,2
DA:232,6
DA:243,2
DA:244,2
DA:245,1
DA:246,1
DA:247,2
DA:248,2
DA:249,5
DA:251,6
DA:252,2
DA:256,2
DA:257,2
DA:260,2
DA:261,2
DA:262,2
DA:264,2
DA:265,0
DA:268,2
DA:270,2
DA:271,2
DA:273,6
DA:276,4
DA:284,2
DA:285,2
DA:286,1
DA:287,1
DA:288,2
DA:289,6
DA:290,2
DA:291,5
DA:293,3
DA:296,2
DA:297,2
DA:300,2
DA:301,2
DA:302,2
DA:304,2
DA:305,0
DA:308,2
DA:310,2
DA:311,2
DA:312,4
DA:313,6
DA:316,8
DA:324,2
DA:325,2
DA:327,2
DA:330,2
DA:333,2
DA:336,1
DA:338,1
DA:342,2
DA:343,1
DA:345,1
DA:347,3
DA:349,1
DA:351,3
DA:353,3
DA:355,1
LF:156
LH:154
end_of_record
SF:lib/views/teams_view.dart
DA:7,1
DA:9,1
DA:13,1
DA:15,1
DA:16,1
DA:23,1
DA:24,1
DA:25,1
LF:8
LH:8
end_of_record
SF:lib/views/team_voting_view.dart
DA:8,3
DA:10,2
DA:11,2
DA:15,2
DA:17,2
DA:18,6
DA:19,6
DA:23,2
DA:25,2
DA:26,4
DA:28,2
DA:29,2
DA:30,2
DA:31,2
DA:35,4
DA:45,1
DA:46,2
DA:47,1
DA:48,2
DA:49,3
DA:50,2
DA:52,1
DA:56,1
DA:57,1
DA:58,2
DA:60,1
DA:62,1
DA:64,1
DA:65,2
DA:66,1
DA:67,1
DA:69,1
DA:70,1
DA:71,2
DA:74,1
DA:75,1
DA:76,1
DA:77,2
DA:78,1
DA:80,1
DA:84,1
DA:85,4
DA:88,1
DA:89,2
DA:90,1
DA:92,1
DA:111,1
DA:112,1
DA:113,3
DA:114,1
DA:115,1
DA:117,1
DA:119,1
DA:120,1
DA:121,2
DA:125,1
DA:128,7
LF:57
LH:57
end_of_record
SF:lib/views/players_view.dart
DA:7,1
DA:9,1
DA:10,1
DA:18,1
DA:20,1
DA:21,3
DA:22,2
DA:23,1
DA:24,1
DA:28,1
DA:29,2
DA:30,1
DA:31,2
DA:33,2
DA:38,1
DA:39,1
DA:40,1
DA:43,1
DA:44,1
DA:45,1
DA:46,1
DA:47,1
DA:48,1
DA:50,1
DA:55,1
DA:56,1
DA:57,3
DA:60,1
DA:63,1
DA:64,2
DA:68,1
DA:69,1
DA:70,1
DA:72,1
DA:74,2
DA:77,2
DA:78,3
DA:81,2
DA:82,3
DA:102,1
DA:103,2
DA:105,4
DA:107,1
DA:109,3
DA:113,3
DA:114,2
DA:120,1
DA:122,1
DA:123,1
DA:124,1
DA:126,2
DA:130,2
DA:131,3
DA:132,1
DA:133,2
DA:134,4
DA:135,3
DA:136,1
DA:142,1
DA:143,1
DA:144,2
DA:145,1
DA:147,1
DA:148,1
DA:150,1
DA:151,1
DA:152,1
DA:154,1
DA:155,1
DA:157,1
DA:158,1
DA:160,1
DA:162,1
DA:164,1
DA:165,2
DA:166,2
DA:167,2
DA:172,3
DA:173,1
DA:175,1
DA:176,2
DA:177,2
DA:187,1
DA:189,1
DA:192,1
DA:193,1
DA:194,3
DA:197,2
DA:206,1
DA:207,1
DA:208,2
DA:209,1
DA:210,2
DA:211,3
DA:213,1
DA:214,2
DA:216,1
DA:217,2
DA:229,1
DA:230,1
DA:234,1
DA:236,1
DA:237,3
LF:103
LH:103
end_of_record
SF:lib/views/login_page.dart
DA:6,1
DA:7,1
DA:8,1
DA:16,1
DA:17,3
DA:18,2
DA:20,3
DA:21,1
DA:22,2
DA:25,3
DA:30,1
DA:31,3
DA:32,2
DA:34,3
DA:35,1
DA:36,2
DA:39,3
DA:44,1
DA:45,3
DA:46,2
DA:50,1
DA:51,1
DA:53,1
DA:54,1
DA:55,1
DA:56,1
DA:57,1
DA:58,1
DA:59,1
DA:62,1
DA:63,1
DA:66,1
DA:72,1
DA:73,1
DA:74,1
DA:78,1
DA:79,1
DA:82,2
DA:88,1
DA:90,1
DA:91,1
DA:92,1
DA:95,1
DA:96,1
DA:107,1
DA:109,1
DA:110,1
DA:114,1
DA:115,2
LF:49
LH:49
end_of_record
