SF:lib/services/data_service.dart
DA:11,2
DA:13,1
DA:23,2
DA:24,2
DA:25,2
DA:26,2
DA:27,2
DA:28,2
DA:30,1
DA:32,1
DA:35,1
DA:37,2
DA:38,1
DA:39,5
DA:40,4
DA:41,1
DA:44,1
DA:47,1
DA:50,1
DA:51,1
DA:52,1
DA:54,4
DA:55,6
DA:57,3
DA:59,1
DA:60,1
DA:64,1
DA:65,2
DA:67,5
DA:68,1
DA:71,3
DA:72,1
DA:76,1
DA:77,1
DA:79,3
DA:81,3
DA:82,1
DA:84,4
DA:85,5
DA:86,2
DA:87,2
DA:92,1
DA:93,1
DA:97,3
DA:98,1
DA:102,1
DA:103,1
DA:106,1
DA:107,1
DA:112,4
DA:113,6
DA:115,3
DA:118,1
DA:121,3
DA:122,1
DA:126,1
DA:127,1
DA:128,1
DA:130,5
DA:132,2
DA:133,4
DA:135,2
DA:136,1
DA:137,1
DA:138,1
DA:139,4
DA:141,2
DA:142,2
DA:143,1
DA:145,1
DA:146,5
DA:147,6
DA:148,4
DA:151,3
DA:152,1
DA:155,3
DA:156,4
DA:158,1
DA:159,1
DA:163,1
DA:164,4
DA:165,2
DA:166,1
DA:170,1
DA:171,1
DA:174,5
DA:175,1
DA:176,1
DA:177,1
DA:178,1
DA:180,6
DA:181,10
DA:184,3
DA:185,2
DA:187,1
DA:188,1
DA:192,1
DA:193,4
DA:195,3
DA:196,1
DA:197,1
DA:199,2
DA:200,1
DA:201,1
DA:202,1
DA:204,1
DA:205,1
DA:206,1
DA:208,1
DA:210,3
DA:212,1
DA:213,1
DA:214,1
DA:215,1
DA:218,1
DA:219,1
DA:221,1
DA:223,2
DA:226,1
DA:227,1
DA:229,1
DA:232,1
DA:235,1
DA:236,1
DA:238,1
DA:241,3
DA:242,1
DA:243,1
DA:244,1
DA:245,1
DA:246,1
DA:247,1
DA:249,2
DA:251,3
DA:252,3
DA:253,1
DA:259,1
DA:260,3
DA:261,7
DA:264,4
DA:270,1
DA:274,1
DA:278,3
DA:279,1
LF:144
LH:144
end_of_record
SF:lib/models/player.dart
DA:7,1
DA:9,1
DA:10,1
DA:11,1
DA:12,1
DA:13,1
DA:17,1
DA:18,1
DA:19,1
DA:20,1
DA:24,1
DA:25,1
DA:26,1
DA:27,1
LF:14
LH:14
end_of_record
SF:lib/models/weekly_roster.dart
DA:8,1
LF:1
LH:1
end_of_record
SF:lib/models/suggested_team.dart
DA:14,1
DA:24,1
DA:25,1
DA:26,2
DA:27,1
DA:29,3
DA:31,2
DA:32,1
DA:33,2
DA:34,5
DA:38,1
DA:39,1
DA:41,1
DA:42,1
DA:43,1
DA:44,3
DA:45,1
DA:49,0
DA:50,0
DA:51,0
DA:52,0
DA:54,0
DA:56,0
DA:57,0
DA:58,0
DA:59,0
DA:60,0
LF:27
LH:17
end_of_record
SF:lib/views/players_view.dart
DA:8,0
DA:10,0
DA:11,0
DA:19,0
DA:21,0
DA:22,0
DA:23,0
DA:24,0
DA:25,0
DA:29,0
DA:30,0
DA:31,0
DA:32,0
DA:34,0
DA:39,0
DA:40,0
DA:41,0
DA:44,0
DA:45,0
DA:46,0
DA:47,0
DA:48,0
DA:49,0
DA:51,0
DA:59,0
DA:60,0
DA:61,0
DA:64,0
DA:67,0
DA:68,0
DA:72,0
DA:73,0
DA:74,0
DA:76,0
DA:78,0
DA:81,0
DA:82,0
DA:85,0
DA:86,0
DA:106,0
DA:107,0
DA:108,0
DA:109,0
DA:110,0
DA:112,0
DA:113,0
DA:114,0
DA:115,0
DA:118,0
DA:119,0
DA:120,0
DA:121,0
DA:131,0
DA:132,0
DA:133,0
DA:135,0
DA:137,0
DA:141,0
DA:142,0
DA:148,0
DA:149,0
DA:150,0
DA:152,0
DA:154,0
DA:158,0
DA:159,0
DA:165,0
DA:167,0
DA:168,0
DA:169,0
DA:170,0
DA:174,0
DA:175,0
DA:176,0
DA:177,0
DA:178,0
DA:179,0
DA:180,0
DA:186,0
DA:187,0
DA:188,0
DA:189,0
DA:191,0
DA:192,0
DA:194,0
DA:195,0
DA:196,0
DA:198,0
DA:199,0
DA:201,0
DA:202,0
DA:204,0
DA:206,0
DA:208,0
DA:209,0
DA:210,0
DA:211,0
DA:216,0
DA:217,0
DA:219,0
DA:220,0
DA:221,0
DA:231,0
DA:233,0
DA:236,0
DA:237,0
DA:238,0
DA:241,0
DA:250,0
DA:251,0
DA:252,0
DA:253,0
DA:254,0
DA:255,0
DA:257,0
DA:258,0
DA:260,0
DA:261,0
DA:263,0
DA:265,0
DA:277,0
DA:278,0
DA:282,0
DA:284,0
DA:286,0
DA:287,0
LF:126
LH:0
end_of_record
